2023-06-07T00:24:27.517+08:00  INFO 4139 --- [main] c.se.hmsbackend.utils.ScheduleUtilTest   : Starting ScheduleUtilTest using Java 17.0.7 with PID 4139 (started by alpaca in /home/alpaca/items/java/HMS-back-end)
2023-06-07T00:24:27.527+08:00  INFO 4139 --- [main] c.se.hmsbackend.utils.ScheduleUtilTest   : No active profile set, falling back to 1 default profile: "default"
2023-06-07T00:24:29.228+08:00  INFO 4139 --- [main] c.se.hmsbackend.utils.ScheduleUtilTest   : Started ScheduleUtilTest in 2.014 seconds (process running for 2.921)
2023-06-07T00:24:29.672+08:00  INFO 4139 --- [main] t.c.s.AnnotationConfigContextLoaderUtils : Could not detect default configuration classes for test class [com.se.hmsbackend.utils.MailUtilTest]: MailUtilTest does not declare any static, non-private, non-final, nested classes annotated with @Configuration.
2023-06-07T00:24:29.674+08:00  INFO 4139 --- [main] .b.t.c.SpringBootTestContextBootstrapper : Found @SpringBootConfiguration com.se.hmsbackend.HmsBackEndApplication for test class com.se.hmsbackend.utils.MailUtilTest
2023-06-07T00:24:29.687+08:00  INFO 4139 --- [main] t.c.s.AnnotationConfigContextLoaderUtils : Could not detect default configuration classes for test class [com.se.hmsbackend.utils.TokenUtilTest]: TokenUtilTest does not declare any static, non-private, non-final, nested classes annotated with @Configuration.
2023-06-07T00:24:29.688+08:00  INFO 4139 --- [main] .b.t.c.SpringBootTestContextBootstrapper : Found @SpringBootConfiguration com.se.hmsbackend.HmsBackEndApplication for test class com.se.hmsbackend.utils.TokenUtilTest
2023-06-07T00:24:29.696+08:00  INFO 4139 --- [main] t.c.s.AnnotationConfigContextLoaderUtils : Could not detect default configuration classes for test class [com.se.hmsbackend.HmsBackEndApplicationTests]: HmsBackEndApplicationTests does not declare any static, non-private, non-final, nested classes annotated with @Configuration.
2023-06-07T00:24:29.701+08:00  INFO 4139 --- [main] .b.t.c.SpringBootTestContextBootstrapper : Found @SpringBootConfiguration com.se.hmsbackend.HmsBackEndApplication for test class com.se.hmsbackend.HmsBackEndApplicationTests
2023-06-07T01:00:16.284+08:00  INFO 5106 --- [main] com.se.hmsbackend.common.TestClass       : Starting TestClass using Java 17.0.7 with PID 5106 (started by alpaca in /home/alpaca/items/java/HMS-back-end)
2023-06-07T01:00:16.286+08:00  INFO 5106 --- [main] com.se.hmsbackend.common.TestClass       : No active profile set, falling back to 1 default profile: "default"
2023-06-07T01:00:17.791+08:00  INFO 5106 --- [main] com.se.hmsbackend.common.TestClass       : Started TestClass in 1.805 seconds (process running for 2.725)
2023-06-07T01:03:28.068+08:00  INFO 5234 --- [main] com.se.hmsbackend.common.TestClass       : Starting TestClass using Java 17.0.7 with PID 5234 (started by alpaca in /home/alpaca/items/java/HMS-back-end)
2023-06-07T01:03:28.069+08:00  INFO 5234 --- [main] com.se.hmsbackend.common.TestClass       : No active profile set, falling back to 1 default profile: "default"
2023-06-07T01:03:29.504+08:00  INFO 5234 --- [main] com.se.hmsbackend.common.TestClass       : Started TestClass in 1.714 seconds (process running for 2.542)
2023-06-07T01:03:29.820+08:00  INFO 5234 --- [main] com.zaxxer.hikari.HikariDataSource       : HikariPool-1 - Starting...
2023-06-07T01:03:31.190+08:00  INFO 5234 --- [main] com.zaxxer.hikari.pool.HikariPool        : HikariPool-1 - Added connection com.mysql.cj.jdbc.ConnectionImpl@31d4b3e8
2023-06-07T01:03:31.193+08:00  INFO 5234 --- [main] com.zaxxer.hikari.HikariDataSource       : HikariPool-1 - Start completed.
2023-06-07T01:03:31.632+08:00  INFO 5234 --- [SpringApplicationShutdownHook] com.zaxxer.hikari.HikariDataSource       : HikariPool-1 - Shutdown initiated...
2023-06-07T01:03:32.329+08:00  INFO 5234 --- [SpringApplicationShutdownHook] com.zaxxer.hikari.HikariDataSource       : HikariPool-1 - Shutdown completed.
2023-06-07T01:03:48.793+08:00  INFO 5318 --- [main] com.se.hmsbackend.common.TestClass       : Starting TestClass using Java 17.0.7 with PID 5318 (started by alpaca in /home/alpaca/items/java/HMS-back-end)
2023-06-07T01:03:48.794+08:00  INFO 5318 --- [main] com.se.hmsbackend.common.TestClass       : No active profile set, falling back to 1 default profile: "default"
2023-06-07T01:03:50.157+08:00  INFO 5318 --- [main] com.se.hmsbackend.common.TestClass       : Started TestClass in 1.681 seconds (process running for 2.454)
2023-06-07T01:03:50.450+08:00  INFO 5318 --- [main] com.zaxxer.hikari.HikariDataSource       : HikariPool-1 - Starting...
2023-06-07T01:03:51.571+08:00  INFO 5318 --- [main] com.zaxxer.hikari.pool.HikariPool        : HikariPool-1 - Added connection com.mysql.cj.jdbc.ConnectionImpl@31ab4859
2023-06-07T01:03:51.574+08:00  INFO 5318 --- [main] com.zaxxer.hikari.HikariDataSource       : HikariPool-1 - Start completed.
2023-06-07T01:03:53.740+08:00  INFO 5318 --- [SpringApplicationShutdownHook] com.zaxxer.hikari.HikariDataSource       : HikariPool-1 - Shutdown initiated...
2023-06-07T01:03:54.241+08:00  INFO 5318 --- [SpringApplicationShutdownHook] com.zaxxer.hikari.HikariDataSource       : HikariPool-1 - Shutdown completed.
2023-06-07T01:04:21.731+08:00  INFO 5400 --- [main] com.se.hmsbackend.common.TestClass       : Starting TestClass using Java 17.0.7 with PID 5400 (started by alpaca in /home/alpaca/items/java/HMS-back-end)
2023-06-07T01:04:21.733+08:00  INFO 5400 --- [main] com.se.hmsbackend.common.TestClass       : No active profile set, falling back to 1 default profile: "default"
2023-06-07T01:04:23.163+08:00  INFO 5400 --- [main] com.se.hmsbackend.common.TestClass       : Started TestClass in 1.707 seconds (process running for 2.457)
2023-06-07T01:04:23.483+08:00  INFO 5400 --- [main] com.zaxxer.hikari.HikariDataSource       : HikariPool-1 - Starting...
2023-06-07T01:04:24.950+08:00  INFO 5400 --- [main] com.zaxxer.hikari.pool.HikariPool        : HikariPool-1 - Added connection com.mysql.cj.jdbc.ConnectionImpl@70f85235
2023-06-07T01:04:24.953+08:00  INFO 5400 --- [main] com.zaxxer.hikari.HikariDataSource       : HikariPool-1 - Start completed.
2023-06-07T01:04:27.434+08:00  INFO 5400 --- [SpringApplicationShutdownHook] com.zaxxer.hikari.HikariDataSource       : HikariPool-1 - Shutdown initiated...
2023-06-07T01:04:27.829+08:00  INFO 5400 --- [SpringApplicationShutdownHook] com.zaxxer.hikari.HikariDataSource       : HikariPool-1 - Shutdown completed.
2023-06-07T01:08:02.600+08:00  INFO 5552 --- [main] com.se.hmsbackend.common.TestClass       : Starting TestClass using Java 17.0.7 with PID 5552 (started by alpaca in /home/alpaca/items/java/HMS-back-end)
2023-06-07T01:08:02.602+08:00  INFO 5552 --- [main] com.se.hmsbackend.common.TestClass       : No active profile set, falling back to 1 default profile: "default"
2023-06-07T01:08:09.129+08:00  INFO 5629 --- [main] com.se.hmsbackend.common.TestClass       : Starting TestClass using Java 17.0.7 with PID 5629 (started by alpaca in /home/alpaca/items/java/HMS-back-end)
2023-06-07T01:08:09.131+08:00  INFO 5629 --- [main] com.se.hmsbackend.common.TestClass       : No active profile set, falling back to 1 default profile: "default"
2023-06-07T01:08:10.601+08:00  INFO 5629 --- [main] com.se.hmsbackend.common.TestClass       : Started TestClass in 1.76 seconds (process running for 2.579)
2023-06-07T01:08:10.976+08:00  INFO 5629 --- [main] com.zaxxer.hikari.HikariDataSource       : HikariPool-1 - Starting...
2023-06-07T01:08:12.796+08:00  INFO 5629 --- [main] com.zaxxer.hikari.pool.HikariPool        : HikariPool-1 - Added connection com.mysql.cj.jdbc.ConnectionImpl@a84338a
2023-06-07T01:08:12.800+08:00  INFO 5629 --- [main] com.zaxxer.hikari.HikariDataSource       : HikariPool-1 - Start completed.
2023-06-07T01:08:15.277+08:00  INFO 5629 --- [SpringApplicationShutdownHook] com.zaxxer.hikari.HikariDataSource       : HikariPool-1 - Shutdown initiated...
2023-06-07T01:08:15.456+08:00  INFO 5629 --- [SpringApplicationShutdownHook] com.zaxxer.hikari.HikariDataSource       : HikariPool-1 - Shutdown completed.
2023-06-07T01:08:39.492+08:00  INFO 5717 --- [main] com.se.hmsbackend.common.TestClass       : Starting TestClass using Java 17.0.7 with PID 5717 (started by alpaca in /home/alpaca/items/java/HMS-back-end)
2023-06-07T01:08:39.493+08:00  INFO 5717 --- [main] com.se.hmsbackend.common.TestClass       : No active profile set, falling back to 1 default profile: "default"
2023-06-07T01:08:40.835+08:00  INFO 5717 --- [main] com.se.hmsbackend.common.TestClass       : Started TestClass in 1.609 seconds (process running for 2.47)
2023-06-07T01:08:41.152+08:00  INFO 5717 --- [main] com.zaxxer.hikari.HikariDataSource       : HikariPool-1 - Starting...
2023-06-07T01:08:43.415+08:00  INFO 5717 --- [main] com.zaxxer.hikari.pool.HikariPool        : HikariPool-1 - Added connection com.mysql.cj.jdbc.ConnectionImpl@71039ce1
2023-06-07T01:08:43.418+08:00  INFO 5717 --- [main] com.zaxxer.hikari.HikariDataSource       : HikariPool-1 - Start completed.
2023-06-07T01:08:45.486+08:00  INFO 5717 --- [SpringApplicationShutdownHook] com.zaxxer.hikari.HikariDataSource       : HikariPool-1 - Shutdown initiated...
2023-06-07T01:08:45.639+08:00  INFO 5717 --- [SpringApplicationShutdownHook] com.zaxxer.hikari.HikariDataSource       : HikariPool-1 - Shutdown completed.
2023-06-07T01:09:17.844+08:00  INFO 5846 --- [main] c.se.hmsbackend.utils.ScheduleUtilTest   : Starting ScheduleUtilTest using Java 17.0.7 with PID 5846 (started by alpaca in /home/alpaca/items/java/HMS-back-end)
2023-06-07T01:09:17.845+08:00  INFO 5846 --- [main] c.se.hmsbackend.utils.ScheduleUtilTest   : No active profile set, falling back to 1 default profile: "default"
2023-06-07T01:09:19.266+08:00  INFO 5846 --- [main] c.se.hmsbackend.utils.ScheduleUtilTest   : Started ScheduleUtilTest in 1.683 seconds (process running for 2.38)
2023-06-07T01:09:19.597+08:00  INFO 5846 --- [main] t.c.s.AnnotationConfigContextLoaderUtils : Could not detect default configuration classes for test class [com.se.hmsbackend.utils.MailUtilTest]: MailUtilTest does not declare any static, non-private, non-final, nested classes annotated with @Configuration.
2023-06-07T01:09:19.598+08:00  INFO 5846 --- [main] .b.t.c.SpringBootTestContextBootstrapper : Found @SpringBootConfiguration com.se.hmsbackend.HmsBackEndApplication for test class com.se.hmsbackend.utils.MailUtilTest
2023-06-07T01:09:19.612+08:00  INFO 5846 --- [main] t.c.s.AnnotationConfigContextLoaderUtils : Could not detect default configuration classes for test class [com.se.hmsbackend.utils.TokenUtilTest]: TokenUtilTest does not declare any static, non-private, non-final, nested classes annotated with @Configuration.
2023-06-07T01:09:19.613+08:00  INFO 5846 --- [main] .b.t.c.SpringBootTestContextBootstrapper : Found @SpringBootConfiguration com.se.hmsbackend.HmsBackEndApplication for test class com.se.hmsbackend.utils.TokenUtilTest
2023-06-07T01:09:19.621+08:00  INFO 5846 --- [main] t.c.s.AnnotationConfigContextLoaderUtils : Could not detect default configuration classes for test class [com.se.hmsbackend.HmsBackEndApplicationTests]: HmsBackEndApplicationTests does not declare any static, non-private, non-final, nested classes annotated with @Configuration.
2023-06-07T01:09:19.626+08:00  INFO 5846 --- [main] .b.t.c.SpringBootTestContextBootstrapper : Found @SpringBootConfiguration com.se.hmsbackend.HmsBackEndApplication for test class com.se.hmsbackend.HmsBackEndApplicationTests
2023-06-07T01:18:11.526+08:00  INFO 6322 --- [main] c.se.hmsbackend.utils.ScheduleUtilTest   : Starting ScheduleUtilTest using Java 17.0.7 with PID 6322 (started by alpaca in /home/alpaca/items/java/HMS-back-end)
2023-06-07T01:18:11.528+08:00  INFO 6322 --- [main] c.se.hmsbackend.utils.ScheduleUtilTest   : No active profile set, falling back to 1 default profile: "default"
2023-06-07T01:18:12.971+08:00  INFO 6322 --- [main] c.se.hmsbackend.utils.ScheduleUtilTest   : Started ScheduleUtilTest in 1.72 seconds (process running for 2.401)
2023-06-07T01:18:13.317+08:00  INFO 6322 --- [main] t.c.s.AnnotationConfigContextLoaderUtils : Could not detect default configuration classes for test class [com.se.hmsbackend.utils.MailUtilTest]: MailUtilTest does not declare any static, non-private, non-final, nested classes annotated with @Configuration.
2023-06-07T01:18:13.319+08:00  INFO 6322 --- [main] .b.t.c.SpringBootTestContextBootstrapper : Found @SpringBootConfiguration com.se.hmsbackend.HmsBackEndApplication for test class com.se.hmsbackend.utils.MailUtilTest
2023-06-07T01:18:13.328+08:00  INFO 6322 --- [main] t.c.s.AnnotationConfigContextLoaderUtils : Could not detect default configuration classes for test class [com.se.hmsbackend.utils.TokenUtilTest]: TokenUtilTest does not declare any static, non-private, non-final, nested classes annotated with @Configuration.
2023-06-07T01:18:13.329+08:00  INFO 6322 --- [main] .b.t.c.SpringBootTestContextBootstrapper : Found @SpringBootConfiguration com.se.hmsbackend.HmsBackEndApplication for test class com.se.hmsbackend.utils.TokenUtilTest
2023-06-07T01:18:13.336+08:00  INFO 6322 --- [main] t.c.s.AnnotationConfigContextLoaderUtils : Could not detect default configuration classes for test class [com.se.hmsbackend.HmsBackEndApplicationTests]: HmsBackEndApplicationTests does not declare any static, non-private, non-final, nested classes annotated with @Configuration.
2023-06-07T01:18:13.343+08:00  INFO 6322 --- [main] .b.t.c.SpringBootTestContextBootstrapper : Found @SpringBootConfiguration com.se.hmsbackend.HmsBackEndApplication for test class com.se.hmsbackend.HmsBackEndApplicationTests
2023-06-07T19:43:34.296+08:00  INFO 3602 --- [main] c.se.hmsbackend.utils.ScheduleUtilTest   : Starting ScheduleUtilTest using Java 17.0.7 with PID 3602 (started by alpaca in /home/alpaca/items/java/HMS-back-end)
2023-06-07T19:43:34.298+08:00  INFO 3602 --- [main] c.se.hmsbackend.utils.ScheduleUtilTest   : No active profile set, falling back to 1 default profile: "default"
2023-06-07T19:43:35.809+08:00  INFO 3602 --- [main] c.se.hmsbackend.utils.ScheduleUtilTest   : Started ScheduleUtilTest in 1.817 seconds (process running for 2.619)
2023-06-07T19:43:36.260+08:00  INFO 3602 --- [main] t.c.s.AnnotationConfigContextLoaderUtils : Could not detect default configuration classes for test class [com.se.hmsbackend.utils.MailUtilTest]: MailUtilTest does not declare any static, non-private, non-final, nested classes annotated with @Configuration.
2023-06-07T19:43:36.261+08:00  INFO 3602 --- [main] .b.t.c.SpringBootTestContextBootstrapper : Found @SpringBootConfiguration com.se.hmsbackend.HmsBackEndApplication for test class com.se.hmsbackend.utils.MailUtilTest
2023-06-07T19:43:36.271+08:00  INFO 3602 --- [main] t.c.s.AnnotationConfigContextLoaderUtils : Could not detect default configuration classes for test class [com.se.hmsbackend.utils.TokenUtilTest]: TokenUtilTest does not declare any static, non-private, non-final, nested classes annotated with @Configuration.
2023-06-07T19:43:36.272+08:00  INFO 3602 --- [main] .b.t.c.SpringBootTestContextBootstrapper : Found @SpringBootConfiguration com.se.hmsbackend.HmsBackEndApplication for test class com.se.hmsbackend.utils.TokenUtilTest
2023-06-07T19:43:36.279+08:00  INFO 3602 --- [main] t.c.s.AnnotationConfigContextLoaderUtils : Could not detect default configuration classes for test class [com.se.hmsbackend.HmsBackEndApplicationTests]: HmsBackEndApplicationTests does not declare any static, non-private, non-final, nested classes annotated with @Configuration.
2023-06-07T19:43:36.288+08:00  INFO 3602 --- [main] .b.t.c.SpringBootTestContextBootstrapper : Found @SpringBootConfiguration com.se.hmsbackend.HmsBackEndApplication for test class com.se.hmsbackend.HmsBackEndApplicationTests
2023-06-07T19:46:26.434+08:00  INFO 3871 --- [main] com.se.hmsbackend.common.ScheduleGen     : Starting ScheduleGen using Java 17.0.7 with PID 3871 (started by alpaca in /home/alpaca/items/java/HMS-back-end)
2023-06-07T19:46:26.435+08:00  INFO 3871 --- [main] com.se.hmsbackend.common.ScheduleGen     : No active profile set, falling back to 1 default profile: "default"
2023-06-07T19:46:27.887+08:00  INFO 3871 --- [main] com.se.hmsbackend.common.ScheduleGen     : Started ScheduleGen in 1.741 seconds (process running for 2.596)
2023-06-07T19:46:28.186+08:00  INFO 3871 --- [main] com.zaxxer.hikari.HikariDataSource       : HikariPool-1 - Starting...
2023-06-07T19:46:30.514+08:00  INFO 3871 --- [main] com.zaxxer.hikari.pool.HikariPool        : HikariPool-1 - Added connection com.mysql.cj.jdbc.ConnectionImpl@531a716c
2023-06-07T19:46:30.526+08:00  INFO 3871 --- [main] com.zaxxer.hikari.HikariDataSource       : HikariPool-1 - Start completed.
2023-06-07T19:46:32.805+08:00  INFO 3871 --- [SpringApplicationShutdownHook] com.zaxxer.hikari.HikariDataSource       : HikariPool-1 - Shutdown initiated...
2023-06-07T19:46:32.986+08:00  INFO 3871 --- [SpringApplicationShutdownHook] com.zaxxer.hikari.HikariDataSource       : HikariPool-1 - Shutdown completed.
2023-06-07T19:46:54.177+08:00  INFO 3981 --- [main] com.se.hmsbackend.common.ScheduleGen     : Starting ScheduleGen using Java 17.0.7 with PID 3981 (started by alpaca in /home/alpaca/items/java/HMS-back-end)
2023-06-07T19:46:54.179+08:00  INFO 3981 --- [main] com.se.hmsbackend.common.ScheduleGen     : No active profile set, falling back to 1 default profile: "default"
2023-06-07T19:46:55.664+08:00  INFO 3981 --- [main] com.se.hmsbackend.common.ScheduleGen     : Started ScheduleGen in 1.767 seconds (process running for 2.608)
2023-06-07T19:46:56.021+08:00  INFO 3981 --- [main] com.zaxxer.hikari.HikariDataSource       : HikariPool-1 - Starting...
2023-06-07T19:46:57.755+08:00  INFO 3981 --- [main] com.zaxxer.hikari.pool.HikariPool        : HikariPool-1 - Added connection com.mysql.cj.jdbc.ConnectionImpl@4fa91d5b
2023-06-07T19:46:57.760+08:00  INFO 3981 --- [main] com.zaxxer.hikari.HikariDataSource       : HikariPool-1 - Start completed.
2023-06-07T19:46:59.384+08:00  INFO 3981 --- [SpringApplicationShutdownHook] com.zaxxer.hikari.HikariDataSource       : HikariPool-1 - Shutdown initiated...
2023-06-07T19:46:59.578+08:00  INFO 3981 --- [SpringApplicationShutdownHook] com.zaxxer.hikari.HikariDataSource       : HikariPool-1 - Shutdown completed.
2023-06-07T19:48:27.441+08:00  INFO 4075 --- [main] com.se.hmsbackend.common.ScheduleGen     : Starting ScheduleGen using Java 17.0.7 with PID 4075 (started by alpaca in /home/alpaca/items/java/HMS-back-end)
2023-06-07T19:48:27.442+08:00  INFO 4075 --- [main] com.se.hmsbackend.common.ScheduleGen     : No active profile set, falling back to 1 default profile: "default"
2023-06-07T19:48:28.849+08:00  INFO 4075 --- [main] com.se.hmsbackend.common.ScheduleGen     : Started ScheduleGen in 1.684 seconds (process running for 2.506)
2023-06-07T19:48:29.176+08:00  INFO 4075 --- [main] com.zaxxer.hikari.HikariDataSource       : HikariPool-1 - Starting...
2023-06-07T19:48:30.778+08:00  INFO 4075 --- [main] com.zaxxer.hikari.pool.HikariPool        : HikariPool-1 - Added connection com.mysql.cj.jdbc.ConnectionImpl@1d7f2f0a
2023-06-07T19:48:30.781+08:00  INFO 4075 --- [main] com.zaxxer.hikari.HikariDataSource       : HikariPool-1 - Start completed.
2023-06-07T19:48:33.097+08:00  INFO 4075 --- [SpringApplicationShutdownHook] com.zaxxer.hikari.HikariDataSource       : HikariPool-1 - Shutdown initiated...
2023-06-07T19:48:33.301+08:00  INFO 4075 --- [SpringApplicationShutdownHook] com.zaxxer.hikari.HikariDataSource       : HikariPool-1 - Shutdown completed.
2023-06-07T19:52:00.643+08:00  INFO 4567 --- [main] c.se.hmsbackend.utils.ScheduleUtilTest   : Starting ScheduleUtilTest using Java 17.0.7 with PID 4567 (started by alpaca in /home/alpaca/items/java/HMS-back-end)
2023-06-07T19:52:00.645+08:00  INFO 4567 --- [main] c.se.hmsbackend.utils.ScheduleUtilTest   : No active profile set, falling back to 1 default profile: "default"
2023-06-07T19:52:02.094+08:00  INFO 4567 --- [main] c.se.hmsbackend.utils.ScheduleUtilTest   : Started ScheduleUtilTest in 1.738 seconds (process running for 2.486)
2023-06-07T19:52:02.430+08:00  INFO 4567 --- [main] t.c.s.AnnotationConfigContextLoaderUtils : Could not detect default configuration classes for test class [com.se.hmsbackend.utils.MailUtilTest]: MailUtilTest does not declare any static, non-private, non-final, nested classes annotated with @Configuration.
2023-06-07T19:52:02.432+08:00  INFO 4567 --- [main] .b.t.c.SpringBootTestContextBootstrapper : Found @SpringBootConfiguration com.se.hmsbackend.HmsBackEndApplication for test class com.se.hmsbackend.utils.MailUtilTest
2023-06-07T19:52:02.441+08:00  INFO 4567 --- [main] t.c.s.AnnotationConfigContextLoaderUtils : Could not detect default configuration classes for test class [com.se.hmsbackend.utils.TokenUtilTest]: TokenUtilTest does not declare any static, non-private, non-final, nested classes annotated with @Configuration.
2023-06-07T19:52:02.442+08:00  INFO 4567 --- [main] .b.t.c.SpringBootTestContextBootstrapper : Found @SpringBootConfiguration com.se.hmsbackend.HmsBackEndApplication for test class com.se.hmsbackend.utils.TokenUtilTest
2023-06-07T19:52:02.453+08:00  INFO 4567 --- [main] t.c.s.AnnotationConfigContextLoaderUtils : Could not detect default configuration classes for test class [com.se.hmsbackend.HmsBackEndApplicationTests]: HmsBackEndApplicationTests does not declare any static, non-private, non-final, nested classes annotated with @Configuration.
2023-06-07T19:52:02.462+08:00  INFO 4567 --- [main] .b.t.c.SpringBootTestContextBootstrapper : Found @SpringBootConfiguration com.se.hmsbackend.HmsBackEndApplication for test class com.se.hmsbackend.HmsBackEndApplicationTests
2023-06-07T19:54:43.040+08:00  INFO 4772 --- [main] c.se.hmsbackend.utils.ScheduleUtilTest   : Starting ScheduleUtilTest using Java 17.0.7 with PID 4772 (started by alpaca in /home/alpaca/items/java/HMS-back-end)
2023-06-07T19:54:43.042+08:00  INFO 4772 --- [main] c.se.hmsbackend.utils.ScheduleUtilTest   : No active profile set, falling back to 1 default profile: "default"
2023-06-07T19:54:44.436+08:00  INFO 4772 --- [main] c.se.hmsbackend.utils.ScheduleUtilTest   : Started ScheduleUtilTest in 1.652 seconds (process running for 2.346)
2023-06-07T19:54:44.806+08:00  INFO 4772 --- [main] t.c.s.AnnotationConfigContextLoaderUtils : Could not detect default configuration classes for test class [com.se.hmsbackend.utils.MailUtilTest]: MailUtilTest does not declare any static, non-private, non-final, nested classes annotated with @Configuration.
2023-06-07T19:54:44.808+08:00  INFO 4772 --- [main] .b.t.c.SpringBootTestContextBootstrapper : Found @SpringBootConfiguration com.se.hmsbackend.HmsBackEndApplication for test class com.se.hmsbackend.utils.MailUtilTest
2023-06-07T19:54:44.818+08:00  INFO 4772 --- [main] t.c.s.AnnotationConfigContextLoaderUtils : Could not detect default configuration classes for test class [com.se.hmsbackend.utils.TokenUtilTest]: TokenUtilTest does not declare any static, non-private, non-final, nested classes annotated with @Configuration.
2023-06-07T19:54:44.819+08:00  INFO 4772 --- [main] .b.t.c.SpringBootTestContextBootstrapper : Found @SpringBootConfiguration com.se.hmsbackend.HmsBackEndApplication for test class com.se.hmsbackend.utils.TokenUtilTest
2023-06-07T19:54:44.826+08:00  INFO 4772 --- [main] t.c.s.AnnotationConfigContextLoaderUtils : Could not detect default configuration classes for test class [com.se.hmsbackend.HmsBackEndApplicationTests]: HmsBackEndApplicationTests does not declare any static, non-private, non-final, nested classes annotated with @Configuration.
2023-06-07T19:54:44.833+08:00  INFO 4772 --- [main] .b.t.c.SpringBootTestContextBootstrapper : Found @SpringBootConfiguration com.se.hmsbackend.HmsBackEndApplication for test class com.se.hmsbackend.HmsBackEndApplicationTests
2023-06-07T20:00:59.186+08:00  INFO 5434 --- [main] com.se.hmsbackend.common.ScheduleGen     : Starting ScheduleGen using Java 17.0.7 with PID 5434 (started by alpaca in /home/alpaca/items/java/HMS-back-end)
2023-06-07T20:00:59.187+08:00  INFO 5434 --- [main] com.se.hmsbackend.common.ScheduleGen     : No active profile set, falling back to 1 default profile: "default"
2023-06-07T20:01:00.588+08:00  INFO 5434 --- [main] com.se.hmsbackend.common.ScheduleGen     : Started ScheduleGen in 1.685 seconds (process running for 2.504)
2023-06-07T20:01:00.978+08:00  INFO 5434 --- [main] com.zaxxer.hikari.HikariDataSource       : HikariPool-1 - Starting...
2023-06-07T20:01:02.493+08:00  INFO 5434 --- [main] com.zaxxer.hikari.pool.HikariPool        : HikariPool-1 - Added connection com.mysql.cj.jdbc.ConnectionImpl@45c90a05
2023-06-07T20:01:02.498+08:00  INFO 5434 --- [main] com.zaxxer.hikari.HikariDataSource       : HikariPool-1 - Start completed.
2023-06-07T20:01:06.159+08:00  INFO 5434 --- [SpringApplicationShutdownHook] com.zaxxer.hikari.HikariDataSource       : HikariPool-1 - Shutdown initiated...
2023-06-07T20:01:06.398+08:00  INFO 5434 --- [SpringApplicationShutdownHook] com.zaxxer.hikari.HikariDataSource       : HikariPool-1 - Shutdown completed.
2023-06-07T20:01:42.911+08:00  INFO 5569 --- [main] c.se.hmsbackend.HmsBackEndApplication    : Starting HmsBackEndApplication using Java 17.0.7 with PID 5569 (/home/alpaca/items/java/HMS-back-end/target/classes started by alpaca in /home/alpaca/items/java/HMS-back-end)
2023-06-07T20:01:42.913+08:00  INFO 5569 --- [main] c.se.hmsbackend.HmsBackEndApplication    : No active profile set, falling back to 1 default profile: "default"
2023-06-07T20:01:43.666+08:00  INFO 5569 --- [main] o.s.b.w.embedded.tomcat.TomcatWebServer  : Tomcat initialized with port(s): 8080 (http)
2023-06-07T20:01:43.673+08:00  INFO 5569 --- [main] o.apache.catalina.core.StandardService   : Starting service [Tomcat]
2023-06-07T20:01:43.674+08:00  INFO 5569 --- [main] o.apache.catalina.core.StandardEngine    : Starting Servlet engine: [Apache Tomcat/10.1.7]
2023-06-07T20:01:43.741+08:00  INFO 5569 --- [main] o.a.c.c.C.[Tomcat].[localhost].[/]       : Initializing Spring embedded WebApplicationContext
2023-06-07T20:01:43.741+08:00  INFO 5569 --- [main] w.s.c.ServletWebServerApplicationContext : Root WebApplicationContext: initialization completed in 791 ms
2023-06-07T20:01:44.282+08:00  INFO 5569 --- [main] o.s.b.w.embedded.tomcat.TomcatWebServer  : Tomcat started on port(s): 8080 (http) with context path ''
2023-06-07T20:01:44.292+08:00  INFO 5569 --- [main] c.se.hmsbackend.HmsBackEndApplication    : Started HmsBackEndApplication in 1.742 seconds (process running for 2.136)
2023-06-07T20:01:51.830+08:00  INFO 5569 --- [http-nio-8080-exec-3] o.a.c.c.C.[Tomcat].[localhost].[/]       : Initializing Spring DispatcherServlet 'dispatcherServlet'
2023-06-07T20:01:51.830+08:00  INFO 5569 --- [http-nio-8080-exec-3] o.s.web.servlet.DispatcherServlet        : Initializing Servlet 'dispatcherServlet'
2023-06-07T20:01:51.831+08:00  INFO 5569 --- [http-nio-8080-exec-3] o.s.web.servlet.DispatcherServlet        : Completed initialization in 1 ms
2023-06-07T20:01:51.835+08:00  INFO 5569 --- [http-nio-8080-exec-3] c.se.hmsbackend.fliter.LoginCheckFilter  : 拦截： /getDoctorsBySchedule method: GET
2023-06-07T20:01:51.858+08:00  INFO 5569 --- [http-nio-8080-exec-3] com.zaxxer.hikari.HikariDataSource       : HikariPool-1 - Starting...
2023-06-07T20:01:52.829+08:00  INFO 5569 --- [http-nio-8080-exec-3] com.zaxxer.hikari.pool.HikariPool        : HikariPool-1 - Added connection com.mysql.cj.jdbc.ConnectionImpl@6bd5f6c8
2023-06-07T20:01:52.832+08:00  INFO 5569 --- [http-nio-8080-exec-3] com.zaxxer.hikari.HikariDataSource       : HikariPool-1 - Start completed.
2023-06-07T20:01:56.594+08:00 ERROR 5569 --- [http-nio-8080-exec-3] c.s.h.c.GlobalExceptionController        : For input string: ""

java.lang.NumberFormatException: For input string: ""
	at java.base/java.lang.NumberFormatException.forInputString(NumberFormatException.java:67) ~[na:na]
	at java.base/java.lang.Integer.parseInt(Integer.java:678) ~[na:na]
	at java.base/java.lang.Integer.valueOf(Integer.java:999) ~[na:na]
	at com.se.hmsbackend.utils.ScheduleUtil.scheduleStrToList(ScheduleUtil.java:50) ~[classes/:na]
	at com.se.hmsbackend.controller.ScheduleController.lambda$getDoctorsBySchedule$0(ScheduleController.java:36) ~[classes/:na]
	at java.base/java.util.ArrayList.removeIf(ArrayList.java:1672) ~[na:na]
	at java.base/java.util.ArrayList.removeIf(ArrayList.java:1660) ~[na:na]
	at com.se.hmsbackend.controller.ScheduleController.getDoctorsBySchedule(ScheduleController.java:35) ~[classes/:na]
	at java.base/jdk.internal.reflect.NativeMethodAccessorImpl.invoke0(Native Method) ~[na:na]
	at java.base/jdk.internal.reflect.NativeMethodAccessorImpl.invoke(NativeMethodAccessorImpl.java:77) ~[na:na]
	at java.base/jdk.internal.reflect.DelegatingMethodAccessorImpl.invoke(DelegatingMethodAccessorImpl.java:43) ~[na:na]
	at java.base/java.lang.reflect.Method.invoke(Method.java:568) ~[na:na]
	at org.springframework.web.method.support.InvocableHandlerMethod.doInvoke(InvocableHandlerMethod.java:207) ~[spring-web-6.0.7.jar:6.0.7]
	at org.springframework.web.method.support.InvocableHandlerMethod.invokeForRequest(InvocableHandlerMethod.java:152) ~[spring-web-6.0.7.jar:6.0.7]
	at org.springframework.web.servlet.mvc.method.annotation.ServletInvocableHandlerMethod.invokeAndHandle(ServletInvocableHandlerMethod.java:118) ~[spring-webmvc-6.0.7.jar:6.0.7]
	at org.springframework.web.servlet.mvc.method.annotation.RequestMappingHandlerAdapter.invokeHandlerMethod(RequestMappingHandlerAdapter.java:884) ~[spring-webmvc-6.0.7.jar:6.0.7]
	at org.springframework.web.servlet.mvc.method.annotation.RequestMappingHandlerAdapter.handleInternal(RequestMappingHandlerAdapter.java:797) ~[spring-webmvc-6.0.7.jar:6.0.7]
	at org.springframework.web.servlet.mvc.method.AbstractHandlerMethodAdapter.handle(AbstractHandlerMethodAdapter.java:87) ~[spring-webmvc-6.0.7.jar:6.0.7]
	at org.springframework.web.servlet.DispatcherServlet.doDispatch(DispatcherServlet.java:1081) ~[spring-webmvc-6.0.7.jar:6.0.7]
	at org.springframework.web.servlet.DispatcherServlet.doService(DispatcherServlet.java:974) ~[spring-webmvc-6.0.7.jar:6.0.7]
	at org.springframework.web.servlet.FrameworkServlet.processRequest(FrameworkServlet.java:1011) ~[spring-webmvc-6.0.7.jar:6.0.7]
	at org.springframework.web.servlet.FrameworkServlet.doGet(FrameworkServlet.java:903) ~[spring-webmvc-6.0.7.jar:6.0.7]
	at jakarta.servlet.http.HttpServlet.service(HttpServlet.java:537) ~[tomcat-embed-core-10.1.7.jar:6.0]
	at org.springframework.web.servlet.FrameworkServlet.service(FrameworkServlet.java:885) ~[spring-webmvc-6.0.7.jar:6.0.7]
	at jakarta.servlet.http.HttpServlet.service(HttpServlet.java:631) ~[tomcat-embed-core-10.1.7.jar:6.0]
	at org.apache.catalina.core.ApplicationFilterChain.internalDoFilter(ApplicationFilterChain.java:205) ~[tomcat-embed-core-10.1.7.jar:10.1.7]
	at org.apache.catalina.core.ApplicationFilterChain.doFilter(ApplicationFilterChain.java:149) ~[tomcat-embed-core-10.1.7.jar:10.1.7]
	at org.apache.tomcat.websocket.server.WsFilter.doFilter(WsFilter.java:53) ~[tomcat-embed-websocket-10.1.7.jar:10.1.7]
	at org.apache.catalina.core.ApplicationFilterChain.internalDoFilter(ApplicationFilterChain.java:174) ~[tomcat-embed-core-10.1.7.jar:10.1.7]
	at org.apache.catalina.core.ApplicationFilterChain.doFilter(ApplicationFilterChain.java:149) ~[tomcat-embed-core-10.1.7.jar:10.1.7]
	at com.se.hmsbackend.fliter.LoginCheckFilter.doFilter(LoginCheckFilter.java:50) ~[classes/:na]
	at org.apache.catalina.core.ApplicationFilterChain.internalDoFilter(ApplicationFilterChain.java:174) ~[tomcat-embed-core-10.1.7.jar:10.1.7]
	at org.apache.catalina.core.ApplicationFilterChain.doFilter(ApplicationFilterChain.java:149) ~[tomcat-embed-core-10.1.7.jar:10.1.7]
	at org.springframework.web.filter.RequestContextFilter.doFilterInternal(RequestContextFilter.java:100) ~[spring-web-6.0.7.jar:6.0.7]
	at org.springframework.web.filter.OncePerRequestFilter.doFilter(OncePerRequestFilter.java:116) ~[spring-web-6.0.7.jar:6.0.7]
	at org.apache.catalina.core.ApplicationFilterChain.internalDoFilter(ApplicationFilterChain.java:174) ~[tomcat-embed-core-10.1.7.jar:10.1.7]
	at org.apache.catalina.core.ApplicationFilterChain.doFilter(ApplicationFilterChain.java:149) ~[tomcat-embed-core-10.1.7.jar:10.1.7]
	at org.springframework.web.filter.FormContentFilter.doFilterInternal(FormContentFilter.java:93) ~[spring-web-6.0.7.jar:6.0.7]
	at org.springframework.web.filter.OncePerRequestFilter.doFilter(OncePerRequestFilter.java:116) ~[spring-web-6.0.7.jar:6.0.7]
	at org.apache.catalina.core.ApplicationFilterChain.internalDoFilter(ApplicationFilterChain.java:174) ~[tomcat-embed-core-10.1.7.jar:10.1.7]
	at org.apache.catalina.core.ApplicationFilterChain.doFilter(ApplicationFilterChain.java:149) ~[tomcat-embed-core-10.1.7.jar:10.1.7]
	at org.springframework.web.filter.CharacterEncodingFilter.doFilterInternal(CharacterEncodingFilter.java:201) ~[spring-web-6.0.7.jar:6.0.7]
	at org.springframework.web.filter.OncePerRequestFilter.doFilter(OncePerRequestFilter.java:116) ~[spring-web-6.0.7.jar:6.0.7]
	at org.apache.catalina.core.ApplicationFilterChain.internalDoFilter(ApplicationFilterChain.java:174) ~[tomcat-embed-core-10.1.7.jar:10.1.7]
	at org.apache.catalina.core.ApplicationFilterChain.doFilter(ApplicationFilterChain.java:149) ~[tomcat-embed-core-10.1.7.jar:10.1.7]
	at org.apache.catalina.core.StandardWrapperValve.invoke(StandardWrapperValve.java:166) ~[tomcat-embed-core-10.1.7.jar:10.1.7]
	at org.apache.catalina.core.StandardContextValve.invoke(StandardContextValve.java:90) ~[tomcat-embed-core-10.1.7.jar:10.1.7]
	at org.apache.catalina.authenticator.AuthenticatorBase.invoke(AuthenticatorBase.java:493) ~[tomcat-embed-core-10.1.7.jar:10.1.7]
	at org.apache.catalina.core.StandardHostValve.invoke(StandardHostValve.java:115) ~[tomcat-embed-core-10.1.7.jar:10.1.7]
	at org.apache.catalina.valves.ErrorReportValve.invoke(ErrorReportValve.java:93) ~[tomcat-embed-core-10.1.7.jar:10.1.7]
	at org.apache.catalina.core.StandardEngineValve.invoke(StandardEngineValve.java:74) ~[tomcat-embed-core-10.1.7.jar:10.1.7]
	at org.apache.catalina.connector.CoyoteAdapter.service(CoyoteAdapter.java:341) ~[tomcat-embed-core-10.1.7.jar:10.1.7]
	at org.apache.coyote.http11.Http11Processor.service(Http11Processor.java:390) ~[tomcat-embed-core-10.1.7.jar:10.1.7]
	at org.apache.coyote.AbstractProcessorLight.process(AbstractProcessorLight.java:63) ~[tomcat-embed-core-10.1.7.jar:10.1.7]
	at org.apache.coyote.AbstractProtocol$ConnectionHandler.process(AbstractProtocol.java:894) ~[tomcat-embed-core-10.1.7.jar:10.1.7]
	at org.apache.tomcat.util.net.NioEndpoint$SocketProcessor.doRun(NioEndpoint.java:1741) ~[tomcat-embed-core-10.1.7.jar:10.1.7]
	at org.apache.tomcat.util.net.SocketProcessorBase.run(SocketProcessorBase.java:52) ~[tomcat-embed-core-10.1.7.jar:10.1.7]
	at org.apache.tomcat.util.threads.ThreadPoolExecutor.runWorker(ThreadPoolExecutor.java:1191) ~[tomcat-embed-core-10.1.7.jar:10.1.7]
	at org.apache.tomcat.util.threads.ThreadPoolExecutor$Worker.run(ThreadPoolExecutor.java:659) ~[tomcat-embed-core-10.1.7.jar:10.1.7]
	at org.apache.tomcat.util.threads.TaskThread$WrappingRunnable.run(TaskThread.java:61) ~[tomcat-embed-core-10.1.7.jar:10.1.7]
	at java.base/java.lang.Thread.run(Thread.java:833) ~[na:na]

2023-06-07T20:03:10.846+08:00  INFO 5569 --- [SpringApplicationShutdownHook] com.zaxxer.hikari.HikariDataSource       : HikariPool-1 - Shutdown initiated...
2023-06-07T20:03:10.856+08:00  INFO 5569 --- [SpringApplicationShutdownHook] com.zaxxer.hikari.HikariDataSource       : HikariPool-1 - Shutdown completed.
2023-06-07T20:03:14.037+08:00  INFO 5719 --- [main] c.se.hmsbackend.HmsBackEndApplication    : Starting HmsBackEndApplication using Java 17.0.7 with PID 5719 (/home/alpaca/items/java/HMS-back-end/target/classes started by alpaca in /home/alpaca/items/java/HMS-back-end)
2023-06-07T20:03:14.039+08:00  INFO 5719 --- [main] c.se.hmsbackend.HmsBackEndApplication    : No active profile set, falling back to 1 default profile: "default"
2023-06-07T20:03:14.779+08:00  INFO 5719 --- [main] o.s.b.w.embedded.tomcat.TomcatWebServer  : Tomcat initialized with port(s): 8080 (http)
2023-06-07T20:03:14.785+08:00  INFO 5719 --- [main] o.apache.catalina.core.StandardService   : Starting service [Tomcat]
2023-06-07T20:03:14.786+08:00  INFO 5719 --- [main] o.apache.catalina.core.StandardEngine    : Starting Servlet engine: [Apache Tomcat/10.1.7]
2023-06-07T20:03:14.841+08:00  INFO 5719 --- [main] o.a.c.c.C.[Tomcat].[localhost].[/]       : Initializing Spring embedded WebApplicationContext
2023-06-07T20:03:14.841+08:00  INFO 5719 --- [main] w.s.c.ServletWebServerApplicationContext : Root WebApplicationContext: initialization completed in 763 ms
2023-06-07T20:03:15.380+08:00  INFO 5719 --- [main] o.s.b.w.embedded.tomcat.TomcatWebServer  : Tomcat started on port(s): 8080 (http) with context path ''
2023-06-07T20:03:15.390+08:00  INFO 5719 --- [main] c.se.hmsbackend.HmsBackEndApplication    : Started HmsBackEndApplication in 1.709 seconds (process running for 2.044)
2023-06-07T20:03:19.838+08:00  INFO 5719 --- [http-nio-8080-exec-1] o.a.c.c.C.[Tomcat].[localhost].[/]       : Initializing Spring DispatcherServlet 'dispatcherServlet'
2023-06-07T20:03:19.839+08:00  INFO 5719 --- [http-nio-8080-exec-1] o.s.web.servlet.DispatcherServlet        : Initializing Servlet 'dispatcherServlet'
2023-06-07T20:03:19.840+08:00  INFO 5719 --- [http-nio-8080-exec-1] o.s.web.servlet.DispatcherServlet        : Completed initialization in 1 ms
2023-06-07T20:03:19.844+08:00  INFO 5719 --- [http-nio-8080-exec-1] c.se.hmsbackend.fliter.LoginCheckFilter  : 拦截： /getDoctorsBySchedule method: GET
2023-06-07T20:03:19.866+08:00  INFO 5719 --- [http-nio-8080-exec-1] com.zaxxer.hikari.HikariDataSource       : HikariPool-1 - Starting...
2023-06-07T20:03:21.009+08:00  INFO 5719 --- [http-nio-8080-exec-1] com.zaxxer.hikari.pool.HikariPool        : HikariPool-1 - Added connection com.mysql.cj.jdbc.ConnectionImpl@2925e7ed
2023-06-07T20:03:21.011+08:00  INFO 5719 --- [http-nio-8080-exec-1] com.zaxxer.hikari.HikariDataSource       : HikariPool-1 - Start completed.
2023-06-07T20:03:26.072+08:00 ERROR 5719 --- [http-nio-8080-exec-1] c.s.h.c.GlobalExceptionController        : For input string: ""

java.lang.NumberFormatException: For input string: ""
	at java.base/java.lang.NumberFormatException.forInputString(NumberFormatException.java:67) ~[na:na]
	at java.base/java.lang.Integer.parseInt(Integer.java:678) ~[na:na]
	at java.base/java.lang.Integer.valueOf(Integer.java:999) ~[na:na]
	at com.se.hmsbackend.utils.ScheduleUtil.scheduleStrToList(ScheduleUtil.java:50) ~[classes/:na]
	at com.se.hmsbackend.controller.ScheduleController.lambda$getDoctorsBySchedule$0(ScheduleController.java:36) ~[classes/:na]
	at java.base/java.util.ArrayList.removeIf(ArrayList.java:1672) ~[na:na]
	at java.base/java.util.ArrayList.removeIf(ArrayList.java:1660) ~[na:na]
	at com.se.hmsbackend.controller.ScheduleController.getDoctorsBySchedule(ScheduleController.java:35) ~[classes/:na]
	at java.base/jdk.internal.reflect.NativeMethodAccessorImpl.invoke0(Native Method) ~[na:na]
	at java.base/jdk.internal.reflect.NativeMethodAccessorImpl.invoke(NativeMethodAccessorImpl.java:77) ~[na:na]
	at java.base/jdk.internal.reflect.DelegatingMethodAccessorImpl.invoke(DelegatingMethodAccessorImpl.java:43) ~[na:na]
	at java.base/java.lang.reflect.Method.invoke(Method.java:568) ~[na:na]
	at org.springframework.web.method.support.InvocableHandlerMethod.doInvoke(InvocableHandlerMethod.java:207) ~[spring-web-6.0.7.jar:6.0.7]
	at org.springframework.web.method.support.InvocableHandlerMethod.invokeForRequest(InvocableHandlerMethod.java:152) ~[spring-web-6.0.7.jar:6.0.7]
	at org.springframework.web.servlet.mvc.method.annotation.ServletInvocableHandlerMethod.invokeAndHandle(ServletInvocableHandlerMethod.java:118) ~[spring-webmvc-6.0.7.jar:6.0.7]
	at org.springframework.web.servlet.mvc.method.annotation.RequestMappingHandlerAdapter.invokeHandlerMethod(RequestMappingHandlerAdapter.java:884) ~[spring-webmvc-6.0.7.jar:6.0.7]
	at org.springframework.web.servlet.mvc.method.annotation.RequestMappingHandlerAdapter.handleInternal(RequestMappingHandlerAdapter.java:797) ~[spring-webmvc-6.0.7.jar:6.0.7]
	at org.springframework.web.servlet.mvc.method.AbstractHandlerMethodAdapter.handle(AbstractHandlerMethodAdapter.java:87) ~[spring-webmvc-6.0.7.jar:6.0.7]
	at org.springframework.web.servlet.DispatcherServlet.doDispatch(DispatcherServlet.java:1081) ~[spring-webmvc-6.0.7.jar:6.0.7]
	at org.springframework.web.servlet.DispatcherServlet.doService(DispatcherServlet.java:974) ~[spring-webmvc-6.0.7.jar:6.0.7]
	at org.springframework.web.servlet.FrameworkServlet.processRequest(FrameworkServlet.java:1011) ~[spring-webmvc-6.0.7.jar:6.0.7]
	at org.springframework.web.servlet.FrameworkServlet.doGet(FrameworkServlet.java:903) ~[spring-webmvc-6.0.7.jar:6.0.7]
	at jakarta.servlet.http.HttpServlet.service(HttpServlet.java:537) ~[tomcat-embed-core-10.1.7.jar:6.0]
	at org.springframework.web.servlet.FrameworkServlet.service(FrameworkServlet.java:885) ~[spring-webmvc-6.0.7.jar:6.0.7]
	at jakarta.servlet.http.HttpServlet.service(HttpServlet.java:631) ~[tomcat-embed-core-10.1.7.jar:6.0]
	at org.apache.catalina.core.ApplicationFilterChain.internalDoFilter(ApplicationFilterChain.java:205) ~[tomcat-embed-core-10.1.7.jar:10.1.7]
	at org.apache.catalina.core.ApplicationFilterChain.doFilter(ApplicationFilterChain.java:149) ~[tomcat-embed-core-10.1.7.jar:10.1.7]
	at org.apache.tomcat.websocket.server.WsFilter.doFilter(WsFilter.java:53) ~[tomcat-embed-websocket-10.1.7.jar:10.1.7]
	at org.apache.catalina.core.ApplicationFilterChain.internalDoFilter(ApplicationFilterChain.java:174) ~[tomcat-embed-core-10.1.7.jar:10.1.7]
	at org.apache.catalina.core.ApplicationFilterChain.doFilter(ApplicationFilterChain.java:149) ~[tomcat-embed-core-10.1.7.jar:10.1.7]
	at com.se.hmsbackend.fliter.LoginCheckFilter.doFilter(LoginCheckFilter.java:50) ~[classes/:na]
	at org.apache.catalina.core.ApplicationFilterChain.internalDoFilter(ApplicationFilterChain.java:174) ~[tomcat-embed-core-10.1.7.jar:10.1.7]
	at org.apache.catalina.core.ApplicationFilterChain.doFilter(ApplicationFilterChain.java:149) ~[tomcat-embed-core-10.1.7.jar:10.1.7]
	at org.springframework.web.filter.RequestContextFilter.doFilterInternal(RequestContextFilter.java:100) ~[spring-web-6.0.7.jar:6.0.7]
	at org.springframework.web.filter.OncePerRequestFilter.doFilter(OncePerRequestFilter.java:116) ~[spring-web-6.0.7.jar:6.0.7]
	at org.apache.catalina.core.ApplicationFilterChain.internalDoFilter(ApplicationFilterChain.java:174) ~[tomcat-embed-core-10.1.7.jar:10.1.7]
	at org.apache.catalina.core.ApplicationFilterChain.doFilter(ApplicationFilterChain.java:149) ~[tomcat-embed-core-10.1.7.jar:10.1.7]
	at org.springframework.web.filter.FormContentFilter.doFilterInternal(FormContentFilter.java:93) ~[spring-web-6.0.7.jar:6.0.7]
	at org.springframework.web.filter.OncePerRequestFilter.doFilter(OncePerRequestFilter.java:116) ~[spring-web-6.0.7.jar:6.0.7]
	at org.apache.catalina.core.ApplicationFilterChain.internalDoFilter(ApplicationFilterChain.java:174) ~[tomcat-embed-core-10.1.7.jar:10.1.7]
	at org.apache.catalina.core.ApplicationFilterChain.doFilter(ApplicationFilterChain.java:149) ~[tomcat-embed-core-10.1.7.jar:10.1.7]
	at org.springframework.web.filter.CharacterEncodingFilter.doFilterInternal(CharacterEncodingFilter.java:201) ~[spring-web-6.0.7.jar:6.0.7]
	at org.springframework.web.filter.OncePerRequestFilter.doFilter(OncePerRequestFilter.java:116) ~[spring-web-6.0.7.jar:6.0.7]
	at org.apache.catalina.core.ApplicationFilterChain.internalDoFilter(ApplicationFilterChain.java:174) ~[tomcat-embed-core-10.1.7.jar:10.1.7]
	at org.apache.catalina.core.ApplicationFilterChain.doFilter(ApplicationFilterChain.java:149) ~[tomcat-embed-core-10.1.7.jar:10.1.7]
	at org.apache.catalina.core.StandardWrapperValve.invoke(StandardWrapperValve.java:166) ~[tomcat-embed-core-10.1.7.jar:10.1.7]
	at org.apache.catalina.core.StandardContextValve.invoke(StandardContextValve.java:90) ~[tomcat-embed-core-10.1.7.jar:10.1.7]
	at org.apache.catalina.authenticator.AuthenticatorBase.invoke(AuthenticatorBase.java:493) ~[tomcat-embed-core-10.1.7.jar:10.1.7]
	at org.apache.catalina.core.StandardHostValve.invoke(StandardHostValve.java:115) ~[tomcat-embed-core-10.1.7.jar:10.1.7]
	at org.apache.catalina.valves.ErrorReportValve.invoke(ErrorReportValve.java:93) ~[tomcat-embed-core-10.1.7.jar:10.1.7]
	at org.apache.catalina.core.StandardEngineValve.invoke(StandardEngineValve.java:74) ~[tomcat-embed-core-10.1.7.jar:10.1.7]
	at org.apache.catalina.connector.CoyoteAdapter.service(CoyoteAdapter.java:341) ~[tomcat-embed-core-10.1.7.jar:10.1.7]
	at org.apache.coyote.http11.Http11Processor.service(Http11Processor.java:390) ~[tomcat-embed-core-10.1.7.jar:10.1.7]
	at org.apache.coyote.AbstractProcessorLight.process(AbstractProcessorLight.java:63) ~[tomcat-embed-core-10.1.7.jar:10.1.7]
	at org.apache.coyote.AbstractProtocol$ConnectionHandler.process(AbstractProtocol.java:894) ~[tomcat-embed-core-10.1.7.jar:10.1.7]
	at org.apache.tomcat.util.net.NioEndpoint$SocketProcessor.doRun(NioEndpoint.java:1741) ~[tomcat-embed-core-10.1.7.jar:10.1.7]
	at org.apache.tomcat.util.net.SocketProcessorBase.run(SocketProcessorBase.java:52) ~[tomcat-embed-core-10.1.7.jar:10.1.7]
	at org.apache.tomcat.util.threads.ThreadPoolExecutor.runWorker(ThreadPoolExecutor.java:1191) ~[tomcat-embed-core-10.1.7.jar:10.1.7]
	at org.apache.tomcat.util.threads.ThreadPoolExecutor$Worker.run(ThreadPoolExecutor.java:659) ~[tomcat-embed-core-10.1.7.jar:10.1.7]
	at org.apache.tomcat.util.threads.TaskThread$WrappingRunnable.run(TaskThread.java:61) ~[tomcat-embed-core-10.1.7.jar:10.1.7]
	at java.base/java.lang.Thread.run(Thread.java:833) ~[na:na]

2023-06-07T20:04:05.300+08:00  INFO 5719 --- [SpringApplicationShutdownHook] com.zaxxer.hikari.HikariDataSource       : HikariPool-1 - Shutdown initiated...
2023-06-07T20:04:05.306+08:00  INFO 5719 --- [SpringApplicationShutdownHook] com.zaxxer.hikari.HikariDataSource       : HikariPool-1 - Shutdown completed.
2023-06-07T20:04:08.451+08:00  INFO 5847 --- [main] c.se.hmsbackend.HmsBackEndApplication    : Starting HmsBackEndApplication using Java 17.0.7 with PID 5847 (/home/alpaca/items/java/HMS-back-end/target/classes started by alpaca in /home/alpaca/items/java/HMS-back-end)
2023-06-07T20:04:08.453+08:00  INFO 5847 --- [main] c.se.hmsbackend.HmsBackEndApplication    : No active profile set, falling back to 1 default profile: "default"
2023-06-07T20:04:09.204+08:00  INFO 5847 --- [main] o.s.b.w.embedded.tomcat.TomcatWebServer  : Tomcat initialized with port(s): 8080 (http)
2023-06-07T20:04:09.211+08:00  INFO 5847 --- [main] o.apache.catalina.core.StandardService   : Starting service [Tomcat]
2023-06-07T20:04:09.211+08:00  INFO 5847 --- [main] o.apache.catalina.core.StandardEngine    : Starting Servlet engine: [Apache Tomcat/10.1.7]
2023-06-07T20:04:09.265+08:00  INFO 5847 --- [main] o.a.c.c.C.[Tomcat].[localhost].[/]       : Initializing Spring embedded WebApplicationContext
2023-06-07T20:04:09.266+08:00  INFO 5847 --- [main] w.s.c.ServletWebServerApplicationContext : Root WebApplicationContext: initialization completed in 771 ms
2023-06-07T20:04:09.803+08:00  INFO 5847 --- [main] o.s.b.w.embedded.tomcat.TomcatWebServer  : Tomcat started on port(s): 8080 (http) with context path ''
2023-06-07T20:04:09.813+08:00  INFO 5847 --- [main] c.se.hmsbackend.HmsBackEndApplication    : Started HmsBackEndApplication in 1.701 seconds (process running for 2.051)
2023-06-07T20:04:13.536+08:00  INFO 5847 --- [http-nio-8080-exec-2] o.a.c.c.C.[Tomcat].[localhost].[/]       : Initializing Spring DispatcherServlet 'dispatcherServlet'
2023-06-07T20:04:13.537+08:00  INFO 5847 --- [http-nio-8080-exec-2] o.s.web.servlet.DispatcherServlet        : Initializing Servlet 'dispatcherServlet'
2023-06-07T20:04:13.537+08:00  INFO 5847 --- [http-nio-8080-exec-2] o.s.web.servlet.DispatcherServlet        : Completed initialization in 0 ms
2023-06-07T20:04:13.541+08:00  INFO 5847 --- [http-nio-8080-exec-2] c.se.hmsbackend.fliter.LoginCheckFilter  : 拦截： /getDoctorsBySchedule method: GET
2023-06-07T20:04:13.563+08:00  INFO 5847 --- [http-nio-8080-exec-2] com.zaxxer.hikari.HikariDataSource       : HikariPool-1 - Starting...
2023-06-07T20:04:14.744+08:00  INFO 5847 --- [http-nio-8080-exec-2] com.zaxxer.hikari.pool.HikariPool        : HikariPool-1 - Added connection com.mysql.cj.jdbc.ConnectionImpl@476269cb
2023-06-07T20:04:14.747+08:00  INFO 5847 --- [http-nio-8080-exec-2] com.zaxxer.hikari.HikariDataSource       : HikariPool-1 - Start completed.
2023-06-07T20:04:18.626+08:00 ERROR 5847 --- [http-nio-8080-exec-2] c.s.h.c.GlobalExceptionController        : For input string: ""

java.lang.NumberFormatException: For input string: ""
	at java.base/java.lang.NumberFormatException.forInputString(NumberFormatException.java:67) ~[na:na]
	at java.base/java.lang.Integer.parseInt(Integer.java:678) ~[na:na]
	at java.base/java.lang.Integer.valueOf(Integer.java:999) ~[na:na]
	at com.se.hmsbackend.utils.ScheduleUtil.scheduleStrToList(ScheduleUtil.java:50) ~[classes/:na]
	at com.se.hmsbackend.controller.ScheduleController.lambda$getDoctorsBySchedule$0(ScheduleController.java:36) ~[classes/:na]
	at java.base/java.util.ArrayList.removeIf(ArrayList.java:1672) ~[na:na]
	at java.base/java.util.ArrayList.removeIf(ArrayList.java:1660) ~[na:na]
	at com.se.hmsbackend.controller.ScheduleController.getDoctorsBySchedule(ScheduleController.java:35) ~[classes/:na]
	at java.base/jdk.internal.reflect.NativeMethodAccessorImpl.invoke0(Native Method) ~[na:na]
	at java.base/jdk.internal.reflect.NativeMethodAccessorImpl.invoke(NativeMethodAccessorImpl.java:77) ~[na:na]
	at java.base/jdk.internal.reflect.DelegatingMethodAccessorImpl.invoke(DelegatingMethodAccessorImpl.java:43) ~[na:na]
	at java.base/java.lang.reflect.Method.invoke(Method.java:568) ~[na:na]
	at org.springframework.web.method.support.InvocableHandlerMethod.doInvoke(InvocableHandlerMethod.java:207) ~[spring-web-6.0.7.jar:6.0.7]
	at org.springframework.web.method.support.InvocableHandlerMethod.invokeForRequest(InvocableHandlerMethod.java:152) ~[spring-web-6.0.7.jar:6.0.7]
	at org.springframework.web.servlet.mvc.method.annotation.ServletInvocableHandlerMethod.invokeAndHandle(ServletInvocableHandlerMethod.java:118) ~[spring-webmvc-6.0.7.jar:6.0.7]
	at org.springframework.web.servlet.mvc.method.annotation.RequestMappingHandlerAdapter.invokeHandlerMethod(RequestMappingHandlerAdapter.java:884) ~[spring-webmvc-6.0.7.jar:6.0.7]
	at org.springframework.web.servlet.mvc.method.annotation.RequestMappingHandlerAdapter.handleInternal(RequestMappingHandlerAdapter.java:797) ~[spring-webmvc-6.0.7.jar:6.0.7]
	at org.springframework.web.servlet.mvc.method.AbstractHandlerMethodAdapter.handle(AbstractHandlerMethodAdapter.java:87) ~[spring-webmvc-6.0.7.jar:6.0.7]
	at org.springframework.web.servlet.DispatcherServlet.doDispatch(DispatcherServlet.java:1081) ~[spring-webmvc-6.0.7.jar:6.0.7]
	at org.springframework.web.servlet.DispatcherServlet.doService(DispatcherServlet.java:974) ~[spring-webmvc-6.0.7.jar:6.0.7]
	at org.springframework.web.servlet.FrameworkServlet.processRequest(FrameworkServlet.java:1011) ~[spring-webmvc-6.0.7.jar:6.0.7]
	at org.springframework.web.servlet.FrameworkServlet.doGet(FrameworkServlet.java:903) ~[spring-webmvc-6.0.7.jar:6.0.7]
	at jakarta.servlet.http.HttpServlet.service(HttpServlet.java:537) ~[tomcat-embed-core-10.1.7.jar:6.0]
	at org.springframework.web.servlet.FrameworkServlet.service(FrameworkServlet.java:885) ~[spring-webmvc-6.0.7.jar:6.0.7]
	at jakarta.servlet.http.HttpServlet.service(HttpServlet.java:631) ~[tomcat-embed-core-10.1.7.jar:6.0]
	at org.apache.catalina.core.ApplicationFilterChain.internalDoFilter(ApplicationFilterChain.java:205) ~[tomcat-embed-core-10.1.7.jar:10.1.7]
	at org.apache.catalina.core.ApplicationFilterChain.doFilter(ApplicationFilterChain.java:149) ~[tomcat-embed-core-10.1.7.jar:10.1.7]
	at org.apache.tomcat.websocket.server.WsFilter.doFilter(WsFilter.java:53) ~[tomcat-embed-websocket-10.1.7.jar:10.1.7]
	at org.apache.catalina.core.ApplicationFilterChain.internalDoFilter(ApplicationFilterChain.java:174) ~[tomcat-embed-core-10.1.7.jar:10.1.7]
	at org.apache.catalina.core.ApplicationFilterChain.doFilter(ApplicationFilterChain.java:149) ~[tomcat-embed-core-10.1.7.jar:10.1.7]
	at com.se.hmsbackend.fliter.LoginCheckFilter.doFilter(LoginCheckFilter.java:50) ~[classes/:na]
	at org.apache.catalina.core.ApplicationFilterChain.internalDoFilter(ApplicationFilterChain.java:174) ~[tomcat-embed-core-10.1.7.jar:10.1.7]
	at org.apache.catalina.core.ApplicationFilterChain.doFilter(ApplicationFilterChain.java:149) ~[tomcat-embed-core-10.1.7.jar:10.1.7]
	at org.springframework.web.filter.RequestContextFilter.doFilterInternal(RequestContextFilter.java:100) ~[spring-web-6.0.7.jar:6.0.7]
	at org.springframework.web.filter.OncePerRequestFilter.doFilter(OncePerRequestFilter.java:116) ~[spring-web-6.0.7.jar:6.0.7]
	at org.apache.catalina.core.ApplicationFilterChain.internalDoFilter(ApplicationFilterChain.java:174) ~[tomcat-embed-core-10.1.7.jar:10.1.7]
	at org.apache.catalina.core.ApplicationFilterChain.doFilter(ApplicationFilterChain.java:149) ~[tomcat-embed-core-10.1.7.jar:10.1.7]
	at org.springframework.web.filter.FormContentFilter.doFilterInternal(FormContentFilter.java:93) ~[spring-web-6.0.7.jar:6.0.7]
	at org.springframework.web.filter.OncePerRequestFilter.doFilter(OncePerRequestFilter.java:116) ~[spring-web-6.0.7.jar:6.0.7]
	at org.apache.catalina.core.ApplicationFilterChain.internalDoFilter(ApplicationFilterChain.java:174) ~[tomcat-embed-core-10.1.7.jar:10.1.7]
	at org.apache.catalina.core.ApplicationFilterChain.doFilter(ApplicationFilterChain.java:149) ~[tomcat-embed-core-10.1.7.jar:10.1.7]
	at org.springframework.web.filter.CharacterEncodingFilter.doFilterInternal(CharacterEncodingFilter.java:201) ~[spring-web-6.0.7.jar:6.0.7]
	at org.springframework.web.filter.OncePerRequestFilter.doFilter(OncePerRequestFilter.java:116) ~[spring-web-6.0.7.jar:6.0.7]
	at org.apache.catalina.core.ApplicationFilterChain.internalDoFilter(ApplicationFilterChain.java:174) ~[tomcat-embed-core-10.1.7.jar:10.1.7]
	at org.apache.catalina.core.ApplicationFilterChain.doFilter(ApplicationFilterChain.java:149) ~[tomcat-embed-core-10.1.7.jar:10.1.7]
	at org.apache.catalina.core.StandardWrapperValve.invoke(StandardWrapperValve.java:166) ~[tomcat-embed-core-10.1.7.jar:10.1.7]
	at org.apache.catalina.core.StandardContextValve.invoke(StandardContextValve.java:90) ~[tomcat-embed-core-10.1.7.jar:10.1.7]
	at org.apache.catalina.authenticator.AuthenticatorBase.invoke(AuthenticatorBase.java:493) ~[tomcat-embed-core-10.1.7.jar:10.1.7]
	at org.apache.catalina.core.StandardHostValve.invoke(StandardHostValve.java:115) ~[tomcat-embed-core-10.1.7.jar:10.1.7]
	at org.apache.catalina.valves.ErrorReportValve.invoke(ErrorReportValve.java:93) ~[tomcat-embed-core-10.1.7.jar:10.1.7]
	at org.apache.catalina.core.StandardEngineValve.invoke(StandardEngineValve.java:74) ~[tomcat-embed-core-10.1.7.jar:10.1.7]
	at org.apache.catalina.connector.CoyoteAdapter.service(CoyoteAdapter.java:341) ~[tomcat-embed-core-10.1.7.jar:10.1.7]
	at org.apache.coyote.http11.Http11Processor.service(Http11Processor.java:390) ~[tomcat-embed-core-10.1.7.jar:10.1.7]
	at org.apache.coyote.AbstractProcessorLight.process(AbstractProcessorLight.java:63) ~[tomcat-embed-core-10.1.7.jar:10.1.7]
	at org.apache.coyote.AbstractProtocol$ConnectionHandler.process(AbstractProtocol.java:894) ~[tomcat-embed-core-10.1.7.jar:10.1.7]
	at org.apache.tomcat.util.net.NioEndpoint$SocketProcessor.doRun(NioEndpoint.java:1741) ~[tomcat-embed-core-10.1.7.jar:10.1.7]
	at org.apache.tomcat.util.net.SocketProcessorBase.run(SocketProcessorBase.java:52) ~[tomcat-embed-core-10.1.7.jar:10.1.7]
	at org.apache.tomcat.util.threads.ThreadPoolExecutor.runWorker(ThreadPoolExecutor.java:1191) ~[tomcat-embed-core-10.1.7.jar:10.1.7]
	at org.apache.tomcat.util.threads.ThreadPoolExecutor$Worker.run(ThreadPoolExecutor.java:659) ~[tomcat-embed-core-10.1.7.jar:10.1.7]
	at org.apache.tomcat.util.threads.TaskThread$WrappingRunnable.run(TaskThread.java:61) ~[tomcat-embed-core-10.1.7.jar:10.1.7]
	at java.base/java.lang.Thread.run(Thread.java:833) ~[na:na]

2023-06-07T20:05:02.929+08:00  INFO 5847 --- [SpringApplicationShutdownHook] com.zaxxer.hikari.HikariDataSource       : HikariPool-1 - Shutdown initiated...
2023-06-07T20:05:02.941+08:00  INFO 5847 --- [SpringApplicationShutdownHook] com.zaxxer.hikari.HikariDataSource       : HikariPool-1 - Shutdown completed.
2023-06-07T20:05:05.130+08:00  INFO 5985 --- [main] c.se.hmsbackend.HmsBackEndApplication    : Starting HmsBackEndApplication using Java 17.0.7 with PID 5985 (/home/alpaca/items/java/HMS-back-end/target/classes started by alpaca in /home/alpaca/items/java/HMS-back-end)
2023-06-07T20:05:05.132+08:00  INFO 5985 --- [main] c.se.hmsbackend.HmsBackEndApplication    : No active profile set, falling back to 1 default profile: "default"
2023-06-07T20:05:05.874+08:00  INFO 5985 --- [main] o.s.b.w.embedded.tomcat.TomcatWebServer  : Tomcat initialized with port(s): 8080 (http)
2023-06-07T20:05:05.881+08:00  INFO 5985 --- [main] o.apache.catalina.core.StandardService   : Starting service [Tomcat]
2023-06-07T20:05:05.881+08:00  INFO 5985 --- [main] o.apache.catalina.core.StandardEngine    : Starting Servlet engine: [Apache Tomcat/10.1.7]
2023-06-07T20:05:05.938+08:00  INFO 5985 --- [main] o.a.c.c.C.[Tomcat].[localhost].[/]       : Initializing Spring embedded WebApplicationContext
2023-06-07T20:05:05.938+08:00  INFO 5985 --- [main] w.s.c.ServletWebServerApplicationContext : Root WebApplicationContext: initialization completed in 763 ms
2023-06-07T20:05:06.480+08:00  INFO 5985 --- [main] o.s.b.w.embedded.tomcat.TomcatWebServer  : Tomcat started on port(s): 8080 (http) with context path ''
2023-06-07T20:05:06.490+08:00  INFO 5985 --- [main] c.se.hmsbackend.HmsBackEndApplication    : Started HmsBackEndApplication in 1.721 seconds (process running for 2.079)
2023-06-07T20:05:11.351+08:00  INFO 5985 --- [http-nio-8080-exec-1] o.a.c.c.C.[Tomcat].[localhost].[/]       : Initializing Spring DispatcherServlet 'dispatcherServlet'
2023-06-07T20:05:11.351+08:00  INFO 5985 --- [http-nio-8080-exec-1] o.s.web.servlet.DispatcherServlet        : Initializing Servlet 'dispatcherServlet'
2023-06-07T20:05:11.352+08:00  INFO 5985 --- [http-nio-8080-exec-1] o.s.web.servlet.DispatcherServlet        : Completed initialization in 1 ms
2023-06-07T20:05:11.356+08:00  INFO 5985 --- [http-nio-8080-exec-1] c.se.hmsbackend.fliter.LoginCheckFilter  : 拦截： /getDoctorsBySchedule method: GET
2023-06-07T20:05:11.379+08:00  INFO 5985 --- [http-nio-8080-exec-1] com.zaxxer.hikari.HikariDataSource       : HikariPool-1 - Starting...
2023-06-07T20:05:12.349+08:00  INFO 5985 --- [http-nio-8080-exec-1] com.zaxxer.hikari.pool.HikariPool        : HikariPool-1 - Added connection com.mysql.cj.jdbc.ConnectionImpl@5df97431
2023-06-07T20:05:12.351+08:00  INFO 5985 --- [http-nio-8080-exec-1] com.zaxxer.hikari.HikariDataSource       : HikariPool-1 - Start completed.
2023-06-07T20:05:27.383+08:00  INFO 5985 --- [SpringApplicationShutdownHook] com.zaxxer.hikari.HikariDataSource       : HikariPool-1 - Shutdown initiated...
2023-06-07T20:05:27.388+08:00  INFO 5985 --- [SpringApplicationShutdownHook] com.zaxxer.hikari.HikariDataSource       : HikariPool-1 - Shutdown completed.
2023-06-07T20:05:37.514+08:00  INFO 6170 --- [main] c.se.hmsbackend.utils.ScheduleUtilTest   : Starting ScheduleUtilTest using Java 17.0.7 with PID 6170 (started by alpaca in /home/alpaca/items/java/HMS-back-end)
2023-06-07T20:05:37.515+08:00  INFO 6170 --- [main] c.se.hmsbackend.utils.ScheduleUtilTest   : No active profile set, falling back to 1 default profile: "default"
2023-06-07T20:05:38.993+08:00  INFO 6170 --- [main] c.se.hmsbackend.utils.ScheduleUtilTest   : Started ScheduleUtilTest in 1.801 seconds (process running for 2.627)
2023-06-07T20:05:39.318+08:00  INFO 6170 --- [main] t.c.s.AnnotationConfigContextLoaderUtils : Could not detect default configuration classes for test class [com.se.hmsbackend.utils.MailUtilTest]: MailUtilTest does not declare any static, non-private, non-final, nested classes annotated with @Configuration.
2023-06-07T20:05:39.320+08:00  INFO 6170 --- [main] .b.t.c.SpringBootTestContextBootstrapper : Found @SpringBootConfiguration com.se.hmsbackend.HmsBackEndApplication for test class com.se.hmsbackend.utils.MailUtilTest
2023-06-07T20:05:39.333+08:00  INFO 6170 --- [main] t.c.s.AnnotationConfigContextLoaderUtils : Could not detect default configuration classes for test class [com.se.hmsbackend.utils.TokenUtilTest]: TokenUtilTest does not declare any static, non-private, non-final, nested classes annotated with @Configuration.
2023-06-07T20:05:39.334+08:00  INFO 6170 --- [main] .b.t.c.SpringBootTestContextBootstrapper : Found @SpringBootConfiguration com.se.hmsbackend.HmsBackEndApplication for test class com.se.hmsbackend.utils.TokenUtilTest
2023-06-07T20:05:39.341+08:00  INFO 6170 --- [main] t.c.s.AnnotationConfigContextLoaderUtils : Could not detect default configuration classes for test class [com.se.hmsbackend.HmsBackEndApplicationTests]: HmsBackEndApplicationTests does not declare any static, non-private, non-final, nested classes annotated with @Configuration.
2023-06-07T20:05:39.346+08:00  INFO 6170 --- [main] .b.t.c.SpringBootTestContextBootstrapper : Found @SpringBootConfiguration com.se.hmsbackend.HmsBackEndApplication for test class com.se.hmsbackend.HmsBackEndApplicationTests
2023-06-07T20:15:51.518+08:00  INFO 6485 --- [main] c.se.hmsbackend.utils.ScheduleUtilTest   : Starting ScheduleUtilTest using Java 17.0.7 with PID 6485 (started by alpaca in /home/alpaca/items/java/HMS-back-end)
2023-06-07T20:15:51.519+08:00  INFO 6485 --- [main] c.se.hmsbackend.utils.ScheduleUtilTest   : No active profile set, falling back to 1 default profile: "default"
2023-06-07T20:15:53.083+08:00  INFO 6485 --- [main] c.se.hmsbackend.utils.ScheduleUtilTest   : Started ScheduleUtilTest in 1.848 seconds (process running for 2.571)
2023-06-07T20:15:53.456+08:00  INFO 6485 --- [main] t.c.s.AnnotationConfigContextLoaderUtils : Could not detect default configuration classes for test class [com.se.hmsbackend.utils.MailUtilTest]: MailUtilTest does not declare any static, non-private, non-final, nested classes annotated with @Configuration.
2023-06-07T20:15:53.458+08:00  INFO 6485 --- [main] .b.t.c.SpringBootTestContextBootstrapper : Found @SpringBootConfiguration com.se.hmsbackend.HmsBackEndApplication for test class com.se.hmsbackend.utils.MailUtilTest
2023-06-07T20:15:53.468+08:00  INFO 6485 --- [main] t.c.s.AnnotationConfigContextLoaderUtils : Could not detect default configuration classes for test class [com.se.hmsbackend.utils.TokenUtilTest]: TokenUtilTest does not declare any static, non-private, non-final, nested classes annotated with @Configuration.
2023-06-07T20:15:53.469+08:00  INFO 6485 --- [main] .b.t.c.SpringBootTestContextBootstrapper : Found @SpringBootConfiguration com.se.hmsbackend.HmsBackEndApplication for test class com.se.hmsbackend.utils.TokenUtilTest
2023-06-07T20:15:53.476+08:00  INFO 6485 --- [main] t.c.s.AnnotationConfigContextLoaderUtils : Could not detect default configuration classes for test class [com.se.hmsbackend.HmsBackEndApplicationTests]: HmsBackEndApplicationTests does not declare any static, non-private, non-final, nested classes annotated with @Configuration.
2023-06-07T20:15:53.485+08:00  INFO 6485 --- [main] .b.t.c.SpringBootTestContextBootstrapper : Found @SpringBootConfiguration com.se.hmsbackend.HmsBackEndApplication for test class com.se.hmsbackend.HmsBackEndApplicationTests
